<?xml version="1.0" encoding="UTF-8"?>
<!-- Generated by org.testng.reporters.JUnitReportReporter -->
<testsuite hostname="TYSS-Pradeep-Venkatesh" failures="0" tests="1" name="testNG.Apple" time="4.531" errors="0" timestamp="2023-12-11T12:22:19 IST" skipped="0">
  <testcase classname="testNG.Apple" name="launchApple" time="4.531">
    <system-out>
      <![CDATA[Navigated to Apple]]>
    </system-out>
  </testcase> <!-- launchApple -->
  <system-out>
    <![CDATA[Navigated to Amazon
Navigated to Apple]]>
  </system-out>
</testsuite> <!-- testNG.Apple -->
