<?xml version="1.0" encoding="UTF-8"?>
<!-- Generated by org.testng.reporters.JUnitReportReporter -->
<testsuite hostname="TYSS-Pradeep-Venkatesh" failures="0" tests="2" name="dataProvider.LoginTest" time="18.479" errors="0" timestamp="2023-12-12T10:11:18 IST" skipped="0">
  <testcase classname="dataProvider.LoginTest" name="login" time="8.579"/>
  <testcase classname="dataProvider.LoginTest" name="login" time="9.900"/>
</testsuite> <!-- dataProvider.LoginTest -->
