<?xml version="1.0" encoding="UTF-8"?>
<!-- Generated by org.testng.reporters.JUnitReportReporter -->
<testsuite hostname="TYSS-Pradeep-Venkatesh" failures="0" tests="3" name="testNG.Demo" time="0.010" errors="0" timestamp="2023-12-11T10:13:48 IST" skipped="0">
  <testcase classname="testNG.Demo" name="add" time="0.007">
    <system-out>
      <![CDATA[add method executed....]]>
    </system-out>
  </testcase> <!-- add -->
  <testcase classname="testNG.Demo" name="sample" time="0.001">
    <system-out>
      <![CDATA[sample class executed...]]>
    </system-out>
  </testcase> <!-- sample -->
  <testcase classname="testNG.Demo" name="test" time="0.002">
    <system-out>
      <![CDATA[Test Method executed.......]]>
    </system-out>
  </testcase> <!-- test -->
  <system-out>
    <![CDATA[add method executed....
sample class executed...
Test Method executed.......]]>
  </system-out>
</testsuite> <!-- testNG.Demo -->
