<?xml version="1.0" encoding="UTF-8"?>
<!-- Generated by org.testng.reporters.JUnitReportReporter -->
<testsuite hostname="TYSS-Pradeep-Venkatesh" failures="0" tests="1" name="assertion.ToLearnHardAssert" time="7.594" errors="0" timestamp="2023-12-16T09:03:39 IST" skipped="0">
  <testcase classname="assertion.ToLearnHardAssert" name="login" time="7.594">
    <system-out>
      <![CDATA[User logged in successfully]]>
    </system-out>
  </testcase> <!-- login -->
  <system-out>
    <![CDATA[User logged in successfully]]>
  </system-out>
</testsuite> <!-- assertion.ToLearnHardAssert -->
