<?xml version="1.0" encoding="UTF-8"?>
<!-- Generated by org.testng.reporters.JUnitReportReporter -->
<testsuite hostname="TYSS-Pradeep-Venkatesh" failures="0" tests="2" name="testNG.DependsOnMethod" time="7.811" errors="0" timestamp="2023-12-11T11:01:51 IST" skipped="0">
  <testcase classname="testNG.DependsOnMethod" name="register" time="4.301">
    <system-out>
      <![CDATA[User Logged in successfully..]]>
    </system-out>
  </testcase> <!-- register -->
  <testcase classname="testNG.DependsOnMethod" name="login" time="3.510">
    <system-out>
      <![CDATA[User Logged in successfully..]]>
    </system-out>
  </testcase> <!-- login -->
  <system-out>
    <![CDATA[User Logged in successfully..
User Logged in successfully..]]>
  </system-out>
</testsuite> <!-- testNG.DependsOnMethod -->
