<?xml version="1.0" encoding="UTF-8"?>
<!-- Generated by org.testng.reporters.JUnitReportReporter -->
<testsuite hostname="TYSS-Pradeep-Venkatesh" failures="0" tests="6" name="testNG.AnnotationAttribute" time="125.379" errors="0" timestamp="2023-12-12T08:38:39 IST" skipped="1">
  <testcase classname="testNG.AnnotationAttribute" name="login" time="24.237">
    <system-out>
      <![CDATA[User login successfully]]>
    </system-out>
  </testcase> <!-- login -->
  <testcase classname="testNG.AnnotationAttribute" name="login" time="26.270">
    <system-out>
      <![CDATA[User login successfully]]>
    </system-out>
  </testcase> <!-- login -->
  <testcase classname="testNG.AnnotationAttribute" name="login" time="24.538">
    <system-out>
      <![CDATA[User login successfully]]>
    </system-out>
  </testcase> <!-- login -->
  <testcase classname="testNG.AnnotationAttribute" name="login" time="24.940">
    <system-out>
      <![CDATA[User login successfully]]>
    </system-out>
  </testcase> <!-- login -->
  <testcase classname="testNG.AnnotationAttribute" name="login" time="25.394">
    <system-out>
      <![CDATA[User login successfully]]>
    </system-out>
  </testcase> <!-- login -->
  <testcase classname="testNG.AnnotationAttribute" name="register">
    <skipped/>
  </testcase> <!-- register -->
  <system-out>
    <![CDATA[User login successfully
User login successfully
User login successfully
User login successfully
User login successfully]]>
  </system-out>
</testsuite> <!-- testNG.AnnotationAttribute -->
