<?xml version="1.0" encoding="UTF-8"?>
<!-- Generated by org.testng.reporters.JUnitReportReporter -->
<testsuite hostname="TYSS-Pradeep-Venkatesh" failures="0" tests="3" name="testNG.CrossBrowserTest" time="27.878" errors="0" timestamp="2023-12-16T08:24:22 IST" skipped="0">
  <testcase classname="testNG.CrossBrowserTest" name="demo" time="8.150"/>
  <testcase classname="testNG.CrossBrowserTest" name="demo" time="5.430"/>
  <testcase classname="testNG.CrossBrowserTest" name="demo" time="14.298"/>
</testsuite> <!-- testNG.CrossBrowserTest -->
