<?xml version="1.0" encoding="UTF-8"?>
<!-- Generated by org.testng.reporters.JUnitReportReporter -->
<testsuite hostname="TYSS-Pradeep-Venkatesh" failures="0" tests="1" name="testNG.TC_DWS_001" time="17.710" errors="0" timestamp="2023-12-12T06:43:03 IST" skipped="0">
  <testcase classname="testNG.TC_DWS_001" name="addProductToCart" time="17.710">
    <system-out>
      <![CDATA[Product added to cart successfully]]>
    </system-out>
  </testcase> <!-- addProductToCart -->
  <system-out>
    <![CDATA[Open Browser and navigate to URL
Codes which are related to login
Product added to cart successfully
Logout
Close Browser]]>
  </system-out>
</testsuite> <!-- testNG.TC_DWS_001 -->
