<?xml version="1.0" encoding="UTF-8"?>
<!-- Generated by org.testng.reporters.JUnitReportReporter -->
<testsuite hostname="TYSS-Pradeep-Venkatesh" failures="0" tests="2" name="testNG.ConfigureAnnotation" time="0.022" errors="0" timestamp="2023-12-11T12:59:19 IST" skipped="0">
  <testcase classname="testNG.ConfigureAnnotation" name="sampleTest" time="0.005">
    <system-out>
      <![CDATA[Sample test executed]]>
    </system-out>
  </testcase> <!-- sampleTest -->
  <testcase classname="testNG.ConfigureAnnotation" name="demoTest" time="0.017">
    <system-out>
      <![CDATA[Demo test executed...]]>
    </system-out>
  </testcase> <!-- demoTest -->
  <system-out>
    <![CDATA[Establish DB connection and report config
Before Test executed...
Open Browser and navigate to URL
Codes which are related to login
Demo test executed...
Logout
Codes which are related to login
Sample test executed
Logout
Close Browser
After Test executed...
Close DB connectiona nd flush all reports]]>
  </system-out>
</testsuite> <!-- testNG.ConfigureAnnotation -->
