<?xml version="1.0" encoding="UTF-8"?>
<!-- Generated by org.testng.reporters.JUnitReportReporter -->
<testsuite hostname="TYSS-Pradeep-Venkatesh" failures="0" tests="1" name="testNG.Amazon" time="4.827" errors="0" timestamp="2023-12-11T12:22:19 IST" skipped="0">
  <testcase classname="testNG.Amazon" name="launchAmazon" time="4.827">
    <system-out>
      <![CDATA[Navigated to Amazon]]>
    </system-out>
  </testcase> <!-- launchAmazon -->
  <system-out>
    <![CDATA[Navigated to Amazon
Navigated to Apple]]>
  </system-out>
</testsuite> <!-- testNG.Amazon -->
