<?xml version="1.0" encoding="UTF-8"?>
<!-- Generated by org.testng.reporters.JUnitReportReporter -->
<testsuite hostname="TYSS-Pradeep-Venkatesh" failures="0" tests="1" name="testNG.CrossyBrowsery" time="6.664" errors="0" timestamp="2023-12-16T08:56:41 IST" skipped="0">
  <testcase classname="testNG.CrossyBrowsery" name="demo" time="6.664"/>
</testsuite> <!-- testNG.CrossyBrowsery -->
