<?xml version="1.0" encoding="UTF-8"?>
<!-- Generated by org.testng.reporters.JUnitReportReporter -->
<testsuite hostname="TYSS-Pradeep-Venkatesh" failures="0" tests="1" name="testNG.Wipro" time="9.439" errors="0" timestamp="2023-12-11T12:07:08 IST" skipped="0">
  <testcase classname="testNG.Wipro" name="launchWipro" time="9.439">
    <system-out>
      <![CDATA[Navigated to Wipro]]>
    </system-out>
  </testcase> <!-- launchWipro -->
  <system-out>
    <![CDATA[Navigated to Wipro]]>
  </system-out>
</testsuite> <!-- testNG.Wipro -->
